# JRE version: OpenJDK Runtime Environment Temurin-17.0.15+6 (17.0.15+6) (build 17.0.15+6)
# Java VM: OpenJDK 64-Bit Server VM Temurin-17.0.15+6 (17.0.15+6, mixed mode, tiered, compressed oops, compressed class ptrs, g1 gc, bsd-amd64)
GC Precious Log:
 CPUs: 8 total, 8 available
 Memory: 8192M
 Large Page Support: Disabled
 NUMA Support: Disabled
 Compressed Oops: Enabled (Zero based)
 Heap Region Size: 1M
 Heap Min Capacity: 8M
 Heap Initial Capacity: 128M
 Heap Max Capacity: 2G
 Pre-touch: Disabled
 Parallel Workers: 8
 Concurrent Workers: 2
 Concurrent Refinement Workers: 8
 Periodic GC: Disabled
Heap:
 garbage-first heap   total 30720K, used 6525K [0x0000000780000000, 0x0000000800000000)
  region size 1024K, 2 young (2048K), 1 survivors (1024K)
 Metaspace       used 23259K, committed 23488K, reserved 1114112K
  class space    used 2405K, committed 2496K, reserved 1048576K
GC Heap History (8 events):
Event: 4,542 GC heap before
{Heap before GC invocations=0 (full 0):
 garbage-first heap   total 131072K, used 22528K [0x0000000780000000, 0x0000000800000000)
  region size 1024K, 23 young (23552K), 0 survivors (0K)
 Metaspace       used 19584K, committed 19776K, reserved 1114112K
  class space    used 1884K, committed 1984K, reserved 1048576K
}
Event: 4,564 GC heap after
{Heap after GC invocations=1 (full 0):
 garbage-first heap   total 131072K, used 4744K [0x0000000780000000, 0x0000000800000000)
  region size 1024K, 3 young (3072K), 3 survivors (3072K)
 Metaspace       used 19584K, committed 19776K, reserved 1114112K
  class space    used 1884K, committed 1984K, reserved 1048576K
}
Event: 4,813 GC heap before
{Heap before GC invocations=1 (full 0):
 garbage-first heap   total 131072K, used 13960K [0x0000000780000000, 0x0000000800000000)
  region size 1024K, 11 young (11264K), 3 survivors (3072K)
 Metaspace       used 21341K, committed 21504K, reserved 1114112K
  class space    used 2159K, committed 2240K, reserved 1048576K
}
Event: 4,821 GC heap after
{Heap after GC invocations=2 (full 0):
 garbage-first heap   total 131072K, used 7453K [0x0000000780000000, 0x0000000800000000)
  region size 1024K, 3 young (3072K), 3 survivors (3072K)
 Metaspace       used 21341K, committed 21504K, reserved 1114112K
  class space    used 2159K, committed 2240K, reserved 1048576K
}
Event: 12,139 GC heap before
{Heap before GC invocations=3 (full 0):
 garbage-first heap   total 30720K, used 20765K [0x0000000780000000, 0x0000000800000000)
  region size 1024K, 17 young (17408K), 3 survivors (3072K)
 Metaspace       used 23141K, committed 23360K, reserved 1114112K
  class space    used 2400K, committed 2496K, reserved 1048576K
}
Event: 12,154 GC heap after
{Heap after GC invocations=4 (full 0):
 garbage-first heap   total 30720K, used 6409K [0x0000000780000000, 0x0000000800000000)
  region size 1024K, 1 young (1024K), 1 survivors (1024K)
 Metaspace       used 23141K, committed 23360K, reserved 1114112K
  class space    used 2400K, committed 2496K, reserved 1048576K
}
Event: 14,919 GC heap before
{Heap before GC invocations=4 (full 0):
 garbage-first heap   total 30720K, used 7433K [0x0000000780000000, 0x0000000800000000)
  region size 1024K, 2 young (2048K), 1 survivors (1024K)
 Metaspace       used 23212K, committed 23488K, reserved 1114112K
  class space    used 2403K, committed 2496K, reserved 1048576K
}
Event: 14,931 GC heap after
{Heap after GC invocations=5 (full 0):
 garbage-first heap   total 30720K, used 6525K [0x0000000780000000, 0x0000000800000000)
  region size 1024K, 1 young (1024K), 1 survivors (1024K)
 Metaspace       used 23212K, committed 23488K, reserved 1114112K
  class space    used 2403K, committed 2496K, reserved 1048576K
}

